0 info it worked if it ends with ok
1 verbose cli [ '/Users/runk/.nvm/v0.10.13/bin/node',
1 verbose cli   '/Users/runk/.nvm/v0.10.13/bin/npm',
1 verbose cli   'publish' ]
2 info using npm@1.3.2
3 info using node@v0.10.13
4 verbose publish [ '.' ]
5 verbose cache add [ '.', null ]
6 verbose cache add name=undefined spec="." args=[".",null]
7 verbose parsed url { protocol: null,
7 verbose parsed url   slashes: null,
7 verbose parsed url   auth: null,
7 verbose parsed url   host: null,
7 verbose parsed url   port: null,
7 verbose parsed url   hostname: null,
7 verbose parsed url   hash: null,
7 verbose parsed url   search: null,
7 verbose parsed url   query: null,
7 verbose parsed url   pathname: '.',
7 verbose parsed url   path: '.',
7 verbose parsed url   href: '.' }
8 silly lockFile 3a52ce78- .
9 verbose lock . /Users/runk/.npm/3a52ce78-.lock
10 verbose tar pack [ '/var/folders/4h/83n58j893fn_tw3g3z2jhjz80000gr/T/npm-23906/1373874713300-0.7524196952581406/tmp.tgz',
10 verbose tar pack   '.' ]
11 verbose tarball /var/folders/4h/83n58j893fn_tw3g3z2jhjz80000gr/T/npm-23906/1373874713300-0.7524196952581406/tmp.tgz
12 verbose folder .
13 info prepublish connect-jade-static@0.0.2
14 silly lockFile 1f1177db-tar tar://.
15 verbose lock tar://. /Users/runk/.npm/1f1177db-tar.lock
16 silly lockFile 0ae1b9a1-13300-0-7524196952581406-tmp-tgz tar:///var/folders/4h/83n58j893fn_tw3g3z2jhjz80000gr/T/npm-23906/1373874713300-0.7524196952581406/tmp.tgz
17 verbose lock tar:///var/folders/4h/83n58j893fn_tw3g3z2jhjz80000gr/T/npm-23906/1373874713300-0.7524196952581406/tmp.tgz /Users/runk/.npm/0ae1b9a1-13300-0-7524196952581406-tmp-tgz.lock
18 silly lockFile 1f1177db-tar tar://.
19 silly lockFile 1f1177db-tar tar://.
20 silly lockFile 0ae1b9a1-13300-0-7524196952581406-tmp-tgz tar:///var/folders/4h/83n58j893fn_tw3g3z2jhjz80000gr/T/npm-23906/1373874713300-0.7524196952581406/tmp.tgz
21 silly lockFile 0ae1b9a1-13300-0-7524196952581406-tmp-tgz tar:///var/folders/4h/83n58j893fn_tw3g3z2jhjz80000gr/T/npm-23906/1373874713300-0.7524196952581406/tmp.tgz
22 verbose tar unpack /var/folders/4h/83n58j893fn_tw3g3z2jhjz80000gr/T/npm-23906/1373874713300-0.7524196952581406/tmp.tgz
23 silly lockFile 6a641f0c-13300-0-7524196952581406-package tar:///var/folders/4h/83n58j893fn_tw3g3z2jhjz80000gr/T/npm-23906/1373874713300-0.7524196952581406/package
24 verbose lock tar:///var/folders/4h/83n58j893fn_tw3g3z2jhjz80000gr/T/npm-23906/1373874713300-0.7524196952581406/package /Users/runk/.npm/6a641f0c-13300-0-7524196952581406-package.lock
25 silly lockFile 0ae1b9a1-13300-0-7524196952581406-tmp-tgz tar:///var/folders/4h/83n58j893fn_tw3g3z2jhjz80000gr/T/npm-23906/1373874713300-0.7524196952581406/tmp.tgz
26 verbose lock tar:///var/folders/4h/83n58j893fn_tw3g3z2jhjz80000gr/T/npm-23906/1373874713300-0.7524196952581406/tmp.tgz /Users/runk/.npm/0ae1b9a1-13300-0-7524196952581406-tmp-tgz.lock
27 silly gunzTarPerm modes [ '755', '644' ]
28 silly gunzTarPerm extractEntry package.json
29 silly gunzTarPerm extractEntry README.md
30 silly gunzTarPerm extractEntry index.js
31 silly lockFile 6a641f0c-13300-0-7524196952581406-package tar:///var/folders/4h/83n58j893fn_tw3g3z2jhjz80000gr/T/npm-23906/1373874713300-0.7524196952581406/package
32 silly lockFile 6a641f0c-13300-0-7524196952581406-package tar:///var/folders/4h/83n58j893fn_tw3g3z2jhjz80000gr/T/npm-23906/1373874713300-0.7524196952581406/package
33 silly lockFile 0ae1b9a1-13300-0-7524196952581406-tmp-tgz tar:///var/folders/4h/83n58j893fn_tw3g3z2jhjz80000gr/T/npm-23906/1373874713300-0.7524196952581406/tmp.tgz
34 silly lockFile 0ae1b9a1-13300-0-7524196952581406-tmp-tgz tar:///var/folders/4h/83n58j893fn_tw3g3z2jhjz80000gr/T/npm-23906/1373874713300-0.7524196952581406/tmp.tgz
35 verbose tar pack [ '/Users/runk/.npm/connect-jade-static/0.0.2/package.tgz',
35 verbose tar pack   '/var/folders/4h/83n58j893fn_tw3g3z2jhjz80000gr/T/npm-23906/1373874713300-0.7524196952581406/package' ]
36 verbose tarball /Users/runk/.npm/connect-jade-static/0.0.2/package.tgz
37 verbose folder /var/folders/4h/83n58j893fn_tw3g3z2jhjz80000gr/T/npm-23906/1373874713300-0.7524196952581406/package
38 silly lockFile 6a641f0c-13300-0-7524196952581406-package tar:///var/folders/4h/83n58j893fn_tw3g3z2jhjz80000gr/T/npm-23906/1373874713300-0.7524196952581406/package
39 verbose lock tar:///var/folders/4h/83n58j893fn_tw3g3z2jhjz80000gr/T/npm-23906/1373874713300-0.7524196952581406/package /Users/runk/.npm/6a641f0c-13300-0-7524196952581406-package.lock
40 silly lockFile 31e862f6-ct-jade-static-0-0-2-package-tgz tar:///Users/runk/.npm/connect-jade-static/0.0.2/package.tgz
41 verbose lock tar:///Users/runk/.npm/connect-jade-static/0.0.2/package.tgz /Users/runk/.npm/31e862f6-ct-jade-static-0-0-2-package-tgz.lock
42 silly lockFile 6a641f0c-13300-0-7524196952581406-package tar:///var/folders/4h/83n58j893fn_tw3g3z2jhjz80000gr/T/npm-23906/1373874713300-0.7524196952581406/package
43 silly lockFile 6a641f0c-13300-0-7524196952581406-package tar:///var/folders/4h/83n58j893fn_tw3g3z2jhjz80000gr/T/npm-23906/1373874713300-0.7524196952581406/package
44 silly lockFile 31e862f6-ct-jade-static-0-0-2-package-tgz tar:///Users/runk/.npm/connect-jade-static/0.0.2/package.tgz
45 silly lockFile 31e862f6-ct-jade-static-0-0-2-package-tgz tar:///Users/runk/.npm/connect-jade-static/0.0.2/package.tgz
46 silly lockFile 138aeda9-onnect-jade-static-0-0-2-package /Users/runk/.npm/connect-jade-static/0.0.2/package
47 verbose lock /Users/runk/.npm/connect-jade-static/0.0.2/package /Users/runk/.npm/138aeda9-onnect-jade-static-0-0-2-package.lock
48 silly lockFile 138aeda9-onnect-jade-static-0-0-2-package /Users/runk/.npm/connect-jade-static/0.0.2/package
49 silly lockFile 138aeda9-onnect-jade-static-0-0-2-package /Users/runk/.npm/connect-jade-static/0.0.2/package
50 verbose tar unpack /Users/runk/.npm/connect-jade-static/0.0.2/package.tgz
51 silly lockFile 31e23edf-onnect-jade-static-0-0-2-package tar:///Users/runk/.npm/connect-jade-static/0.0.2/package
52 verbose lock tar:///Users/runk/.npm/connect-jade-static/0.0.2/package /Users/runk/.npm/31e23edf-onnect-jade-static-0-0-2-package.lock
53 silly lockFile 31e862f6-ct-jade-static-0-0-2-package-tgz tar:///Users/runk/.npm/connect-jade-static/0.0.2/package.tgz
54 verbose lock tar:///Users/runk/.npm/connect-jade-static/0.0.2/package.tgz /Users/runk/.npm/31e862f6-ct-jade-static-0-0-2-package-tgz.lock
55 silly gunzTarPerm modes [ '755', '644' ]
56 silly gunzTarPerm extractEntry package.json
57 silly gunzTarPerm extractEntry README.md
58 silly gunzTarPerm extractEntry index.js
59 silly lockFile 31e23edf-onnect-jade-static-0-0-2-package tar:///Users/runk/.npm/connect-jade-static/0.0.2/package
60 silly lockFile 31e23edf-onnect-jade-static-0-0-2-package tar:///Users/runk/.npm/connect-jade-static/0.0.2/package
61 silly lockFile 31e862f6-ct-jade-static-0-0-2-package-tgz tar:///Users/runk/.npm/connect-jade-static/0.0.2/package.tgz
62 silly lockFile 31e862f6-ct-jade-static-0-0-2-package-tgz tar:///Users/runk/.npm/connect-jade-static/0.0.2/package.tgz
63 verbose chmod /Users/runk/.npm/connect-jade-static/0.0.2/package.tgz 644
64 verbose chown /Users/runk/.npm/connect-jade-static/0.0.2/package.tgz [ 504, 20 ]
65 silly lockFile 3a52ce78- .
66 silly lockFile 3a52ce78- .
67 silly publish { name: 'connect-jade-static',
67 silly publish   version: '0.0.2',
67 silly publish   description: 'Connect (expressjs) middleware for serving html files from jade template',
67 silly publish   main: 'index.js',
67 silly publish   scripts: { test: 'echo "Error: no test specified" && exit 1' },
67 silly publish   repository:
67 silly publish    { type: 'git',
67 silly publish      url: 'git://github.com/runk/connect-jade-static.git' },
67 silly publish   keywords:
67 silly publish    [ 'connect',
67 silly publish      'jade',
67 silly publish      'html',
67 silly publish      'static',
67 silly publish      'middleware',
67 silly publish      'express',
67 silly publish      'expressjs' ],
67 silly publish   author: { name: 'Dmitry Shirokov', email: 'deadrunk@gmail.com' },
67 silly publish   license: 'MIT',
67 silly publish   bugs: { url: 'https://github.com/runk/connect-jade-static/issues' },
67 silly publish   readme: 'connect-jade-static\n===================\n\nConnect (ExpressJS) middleware for serving html files from jade templates\n\n## Installation\n\n    npm install connect-jade-static\n\n\n## Usage\n\n    var jadeStatic = require(\'connect-jade-static\');\n\n    app = express();\n    app.configure(function() {\n      app.use(jadeStatic({\n        baseDir: path.join(__dirname, \'/views/partials\'),\n        baseUrl: \'/partials\',\n        jade: { pretty: true }\n      });\n    });\n',
67 silly publish   readmeFilename: 'README.md',
67 silly publish   _id: 'connect-jade-static@0.0.2',
67 silly publish   dist: { shasum: 'b6eac8ae3d3605025e55fa4d0ecdc4a6ac10c1d8' },
67 silly publish   _from: '.' }
68 verbose url raw connect-jade-static
69 verbose url resolving [ 'https://registry.npmjs.org/', './connect-jade-static' ]
70 verbose url resolved https://registry.npmjs.org/connect-jade-static
71 info trying registry request attempt 1 at 17:51:53
72 http PUT https://registry.npmjs.org/connect-jade-static
73 http 409 https://registry.npmjs.org/connect-jade-static
74 verbose url raw connect-jade-static
75 verbose url resolving [ 'https://registry.npmjs.org/', './connect-jade-static' ]
76 verbose url resolved https://registry.npmjs.org/connect-jade-static
77 info trying registry request attempt 1 at 17:51:55
78 http GET https://registry.npmjs.org/connect-jade-static
79 http 200 https://registry.npmjs.org/connect-jade-static
80 error publish fail Cannot publish over existing version.
80 error publish fail Update the 'version' field in package.json and try again.
80 error publish fail
80 error publish fail If the previous version was published in error, see:
80 error publish fail     npm help unpublish
80 error publish fail
80 error publish fail To automatically increment version numbers, see:
80 error publish fail     npm help version
81 error System Darwin 12.4.0
82 error command "/Users/runk/.nvm/v0.10.13/bin/node" "/Users/runk/.nvm/v0.10.13/bin/npm" "publish"
83 error cwd /Users/runk/projects/connect-jade-static
84 error node -v v0.10.13
85 error npm -v 1.3.2
86 error code EPUBLISHCONFLICT
87 verbose exit [ 1, true ]
